c:\users\rol\documents\visual studio 2013\projects\ploverhelperime_ii\ploverhelperime_ii\debug\ploverhelperime_ii.pch
c:\users\rol\documents\visual studio 2013\projects\ploverhelperime_ii\ploverhelperime_ii\debug\vc120.pdb
c:\users\rol\documents\visual studio 2013\projects\ploverhelperime_ii\ploverhelperime_ii\debug\vc120.idb
c:\users\rol\documents\visual studio 2013\projects\ploverhelperime_ii\ploverhelperime_ii\debug\stdafx.obj
c:\users\rol\documents\visual studio 2013\projects\ploverhelperime_ii\ploverhelperime_ii\debug\globals.obj
c:\users\rol\documents\visual studio 2013\projects\ploverhelperime_ii\ploverhelperime_ii\debug\ploverhelperime_ii.obj
c:\users\rol\documents\visual studio 2013\projects\ploverhelperime_ii\ploverhelperime_ii\debug\server.obj
c:\users\rol\documents\visual studio 2013\projects\ploverhelperime_ii\ploverhelperime_ii\debug\view.obj
c:\users\rol\documents\visual studio 2013\projects\ploverhelperime_ii\debug\ploverhelperime_ii.ilk
c:\users\rol\documents\visual studio 2013\projects\ploverhelperime_ii\debug\ploverhelperime_ii.exe
c:\users\rol\documents\visual studio 2013\projects\ploverhelperime_ii\debug\ploverhelperime_ii.pdb
c:\users\rol\documents\visual studio 2013\projects\ploverhelperime_ii\ploverhelperime_ii\debug\ploverhelperime_ii.res
c:\users\rol\documents\visual studio 2013\projects\ploverhelperime_ii\ploverhelperime_ii\debug\ploverhe.73248bb9.tlog\cl.command.1.tlog
c:\users\rol\documents\visual studio 2013\projects\ploverhelperime_ii\ploverhelperime_ii\debug\ploverhe.73248bb9.tlog\cl.read.1.tlog
c:\users\rol\documents\visual studio 2013\projects\ploverhelperime_ii\ploverhelperime_ii\debug\ploverhe.73248bb9.tlog\cl.write.1.tlog
c:\users\rol\documents\visual studio 2013\projects\ploverhelperime_ii\ploverhelperime_ii\debug\ploverhe.73248bb9.tlog\link.command.1.tlog
c:\users\rol\documents\visual studio 2013\projects\ploverhelperime_ii\ploverhelperime_ii\debug\ploverhe.73248bb9.tlog\link.read.1.tlog
c:\users\rol\documents\visual studio 2013\projects\ploverhelperime_ii\ploverhelperime_ii\debug\ploverhe.73248bb9.tlog\link.write.1.tlog
c:\users\rol\documents\visual studio 2013\projects\ploverhelperime_ii\ploverhelperime_ii\debug\ploverhe.73248bb9.tlog\rc.command.1.tlog
c:\users\rol\documents\visual studio 2013\projects\ploverhelperime_ii\ploverhelperime_ii\debug\ploverhe.73248bb9.tlog\rc.read.1.tlog
c:\users\rol\documents\visual studio 2013\projects\ploverhelperime_ii\ploverhelperime_ii\debug\ploverhe.73248bb9.tlog\rc.write.1.tlog
